<?xml version="1.0" encoding="UTF-8" ?>
<testsuite errors="0" failures="0" hostname="MSI-GT663R-WIN7" name="edu.issi.machine.configuration.MacineConfigurationWriterTest" skipped="0" tests="2" time="0.01" timestamp="2014-11-27T07:26:21">
  <properties>
[...]
</properties>
  <testcase classname="edu.issi.machine.configuration.MacineConfigurationWriterTest" name="shouldCreateNewFileIfNotExists" time="0.0" />
  <testcase classname="edu.issi.machine.configuration.MacineConfigurationWriterTest" name="shouldClearFileContentIfExistsAndThenWriteNewData" time="0.0" />
  <system-out><![CDATA[]]></system-out>
  <system-err><![CDATA[]]></system-err>
</testsuite>
