<?xml version="1.0" encoding="UTF-8" ?>
<testsuites>
  <testsuite errors="0" failures="0" hostname="J11" id="0" name="MachineConfigurationTest" package="edu.issi.machine.configuration" skipped="0" tests="2" time="0.034" timestamp="2015-01-13T10:58:07">
      <properties>
[...]
</properties>

      <testcase classname="edu.issi.machine.configuration.MachineConfigurationTest" name="shouldNotCreatesWhenProductsAreNotSetted" time="0.007" />

      <testcase classname="edu.issi.machine.configuration.MachineConfigurationTest" name="shouldNotCreatesWhenSubassembliesAreNotSetted" time="0.0" />

      <system-out><![CDATA[]]></system-out>

      <system-err><![CDATA[]]></system-err>

  </testsuite>
  <testsuite errors="0" failures="0" hostname="J11" id="1" name="MachineControllerTest" package="edu.issi.machine.controller" skipped="0" tests="9" time="0.005" timestamp="2015-01-13T10:58:07">
      <properties>
[...]
</properties>

      <testcase classname="edu.issi.machine.controller.MachineControllerTest" name="shouldStops" time="0.001" />

      <testcase classname="edu.issi.machine.controller.MachineControllerTest" name="shouldRestart" time="0.0" />

      <testcase classname="edu.issi.machine.controller.MachineControllerTest" name="shouldDeinitializes" time="0.0" />

      <testcase classname="edu.issi.machine.controller.MachineControllerTest" name="shouldNotRestartWithoutInitialization" time="0.0" />

      <testcase classname="edu.issi.machine.controller.MachineControllerTest" name="shouldNotDeinitializeWhenMachineIsWorking" time="0.0" />

      <testcase classname="edu.issi.machine.controller.MachineControllerTest" name="shouldNotInitializeWhenMachineIsWorking" time="0.0" />

      <testcase classname="edu.issi.machine.controller.MachineControllerTest" name="shouldNotInitializeWhenConfigurationIsEmpty" time="0.0" />

      <testcase classname="edu.issi.machine.controller.MachineControllerTest" name="shouldNotStartWithoutInitialization" time="0.0" />

      <testcase classname="edu.issi.machine.controller.MachineControllerTest" name="shouldCreateMachineController" time="0.0" />

      <system-out><![CDATA[]]></system-out>

      <system-err><![CDATA[]]></system-err>

  </testsuite>
  <testsuite errors="0" failures="0" hostname="MSI-GT663R-WIN7" id="2" name="IdentityTest" package="edu.issi.machine.id" skipped="0" tests="11" time="0.0" timestamp="2014-12-15T18:56:14">
      <properties>
[...]
</properties>

      <testcase classname="edu.issi.machine.id.IdentityTest" name="testEquals_3" time="0.0" />

      <testcase classname="edu.issi.machine.id.IdentityTest" name="testIdentity_1" time="0.0" />

      <testcase classname="edu.issi.machine.id.IdentityTest" name="testIdentity_3" time="0.0" />

      <testcase classname="edu.issi.machine.id.IdentityTest" name="testIdentity_4" time="0.0" />

      <testcase classname="edu.issi.machine.id.IdentityTest" name="testChangeName_1" time="0.0" />

      <testcase classname="edu.issi.machine.id.IdentityTest" name="testChangeName_2" time="0.0" />

      <testcase classname="edu.issi.machine.id.IdentityTest" name="testChangeName_3" time="0.0" />

      <testcase classname="edu.issi.machine.id.IdentityTest" name="testChangeName_4" time="0.0" />

      <testcase classname="edu.issi.machine.id.IdentityTest" name="testToString_1" time="0.0" />

      <testcase classname="edu.issi.machine.id.IdentityTest" name="testToString_3" time="0.0" />

      <testcase classname="edu.issi.machine.id.IdentityTest" name="testToString_4" time="0.0" />

      <system-out><![CDATA[]]></system-out>

      <system-err><![CDATA[]]></system-err>

  </testsuite>
  <testsuite errors="0" failures="0" hostname="J11" id="3" name="ObjectWithIdentityTest" package="edu.issi.machine.id" skipped="0" tests="2" time="0.002" timestamp="2015-01-13T10:58:07">
      <properties>
[...]
</properties>

      <testcase classname="edu.issi.machine.id.ObjectWithIdentityTest" name="shouldIdentifiesByHashCode" time="0.0" />

      <testcase classname="edu.issi.machine.id.ObjectWithIdentityTest" name="shouldNotCreatesWhenIdentityIsEmpty" time="0.0" />

      <system-out><![CDATA[]]></system-out>

      <system-err><![CDATA[]]></system-err>

  </testsuite>
  <testsuite errors="0" failures="0" hostname="MSI-GT663R-WIN7" id="4" name="PropertyIdentityTest" package="edu.issi.machine.id" skipped="0" tests="18" time="0.016" timestamp="2014-12-15T18:56:15">
      <properties>
[...]
</properties>

      <testcase classname="edu.issi.machine.id.PropertyIdentityTest" name="testGetUnit_3" time="0.016" />

      <testcase classname="edu.issi.machine.id.PropertyIdentityTest" name="testPropertyIdentity_1" time="0.0" />

      <testcase classname="edu.issi.machine.id.PropertyIdentityTest" name="testPropertyIdentity_2" time="0.0" />

      <testcase classname="edu.issi.machine.id.PropertyIdentityTest" name="testPropertyIdentity_3" time="0.0" />

      <testcase classname="edu.issi.machine.id.PropertyIdentityTest" name="testPropertyIdentity_4" time="0.0" />

      <testcase classname="edu.issi.machine.id.PropertyIdentityTest" name="testPropertyIdentity_5" time="0.0" />

      <testcase classname="edu.issi.machine.id.PropertyIdentityTest" name="testPropertyIdentity_6" time="0.0" />

      <testcase classname="edu.issi.machine.id.PropertyIdentityTest" name="testPropertyIdentity_7" time="0.0" />

      <testcase classname="edu.issi.machine.id.PropertyIdentityTest" name="testPropertyIdentity_8" time="0.0" />

      <testcase classname="edu.issi.machine.id.PropertyIdentityTest" name="testPropertyIdentity_9" time="0.0" />

      <testcase classname="edu.issi.machine.id.PropertyIdentityTest" name="testPropertyIdentity_10" time="0.0" />

      <testcase classname="edu.issi.machine.id.PropertyIdentityTest" name="testPropertyIdentity_11" time="0.0" />

      <testcase classname="edu.issi.machine.id.PropertyIdentityTest" name="testPropertyIdentity_12" time="0.0" />

      <testcase classname="edu.issi.machine.id.PropertyIdentityTest" name="testPropertyIdentity_13" time="0.0" />

      <testcase classname="edu.issi.machine.id.PropertyIdentityTest" name="testPropertyIdentity_14" time="0.0" />

      <testcase classname="edu.issi.machine.id.PropertyIdentityTest" name="testPropertyIdentity_15" time="0.0" />

      <testcase classname="edu.issi.machine.id.PropertyIdentityTest" name="testPropertyIdentity_16" time="0.0" />

      <testcase classname="edu.issi.machine.id.PropertyIdentityTest" name="testPropertyIdentity_17" time="0.0" />

      <system-out><![CDATA[]]></system-out>

      <system-err><![CDATA[]]></system-err>

  </testsuite>
  <testsuite errors="0" failures="0" hostname="J11" id="5" name="OperationStateTest" package="edu.issi.machine.operation" skipped="0" tests="4" time="0.004" timestamp="2015-01-13T10:58:07">
      <properties>
[...]
</properties>

      <testcase classname="edu.issi.machine.operation.OperationStateTest" name="shouldProvideState" time="0.001" />

      <testcase classname="edu.issi.machine.operation.OperationStateTest" name="shouldNotCreatesWhenStatusIsNotProvided" time="0.0" />

      <testcase classname="edu.issi.machine.operation.OperationStateTest" name="shouldProvideDescriptionWhenItIsSetted" time="0.001" />

      <testcase classname="edu.issi.machine.operation.OperationStateTest" name="shouldProvideCompensatedStatusAsText" time="0.0" />

      <system-out><![CDATA[]]></system-out>

      <system-err><![CDATA[]]></system-err>

  </testsuite>
  <testsuite errors="0" failures="0" hostname="J11" id="6" name="OperationTest" package="edu.issi.machine.operation" skipped="0" tests="6" time="0.003" timestamp="2015-01-13T10:58:07">
      <properties>
[...]
</properties>

      <testcase classname="edu.issi.machine.operation.OperationTest" name="shouldGiveErrorResponseWhenSettedSubassemblyCanNotDoSpecifiedOperation" time="0.0" />

      <testcase classname="edu.issi.machine.operation.OperationTest" name="shouldGiveErrorResponseWhenOnlySubassemblySetted" time="0.0" />

      <testcase classname="edu.issi.machine.operation.OperationTest" name="shouldGiveErrorResponseWhenOnlyIngredientSetted" time="0.001" />

      <testcase classname="edu.issi.machine.operation.OperationTest" name="shouldGiveResponseAfterExecution" time="0.0" />

      <testcase classname="edu.issi.machine.operation.OperationTest" name="shouldExecuteValidlyWhenIngredientAndSubassemblySetted" time="0.0" />

      <testcase classname="edu.issi.machine.operation.OperationTest" name="shouldSetSubassemblyOnlyWhenItCanDoSpecifiedOperation" time="0.0" />

      <system-out><![CDATA[]]></system-out>

      <system-err><![CDATA[]]></system-err>

  </testsuite>
  <testsuite errors="0" failures="0" hostname="J11" id="7" name="OrderedElementsContainerTest" package="edu.issi.machine.product" skipped="0" tests="9" time="0.005" timestamp="2015-01-13T10:58:07">
      <properties>
[...]
</properties>

      <testcase classname="edu.issi.machine.product.OrderedElementsContainerTest" name="shouldBeAbleToAddObjectAtExistingIndexWithoutLossOfOtherObjects" time="0.0" />

      <testcase classname="edu.issi.machine.product.OrderedElementsContainerTest" name="shouldNotBeAbleToRemoveObjectAtNonexistentIndex" time="0.0" />

      <testcase classname="edu.issi.machine.product.OrderedElementsContainerTest" name="shouldProvideSeparatedIterators" time="0.0" />

      <testcase classname="edu.issi.machine.product.OrderedElementsContainerTest" name="shouldProvideInformationAboutNumberOfAggegatedObjects" time="0.001" />

      <testcase classname="edu.issi.machine.product.OrderedElementsContainerTest" name="shouldAgregateOrderedObjectsIndexedFromZero" time="0.0" />

      <testcase classname="edu.issi.machine.product.OrderedElementsContainerTest" name="shouldBeAbleToAddObjectAtBeginningOfList" time="0.0" />

      <testcase classname="edu.issi.machine.product.OrderedElementsContainerTest" name="shouldBeAbleToRemoveAnyExistingObject" time="0.0" />

      <testcase classname="edu.issi.machine.product.OrderedElementsContainerTest" name="shouldProvideIteratorForOrderedObjects" time="0.0" />

      <testcase classname="edu.issi.machine.product.OrderedElementsContainerTest" name="shouldNotBeAbleToGetObjectAtNonexistentIndex" time="0.0" />

      <system-out><![CDATA[]]></system-out>

      <system-err><![CDATA[]]></system-err>

  </testsuite>
  <testsuite errors="0" failures="0" hostname="J11" id="8" name="ProductTest" package="edu.issi.machine.product" skipped="0" tests="5" time="0.005" timestamp="2015-01-13T10:58:07">
      <properties>
[...]
</properties>

      <testcase classname="edu.issi.machine.product.ProductTest" name="shouldNotAddNewElementAtZeroIndexWhenTheresNoElementsOnIngredienstList" time="0.002" />

      <testcase classname="edu.issi.machine.product.ProductTest" name="shouldNotAddNewElementAtFirstPlaceWhenTheresNoElementsOnIngredienstList" time="0.0" />

      <testcase classname="edu.issi.machine.product.ProductTest" name="shouldCreateEmptyProduct" time="0.0" />

      <testcase classname="edu.issi.machine.product.ProductTest" name="shouldAddNewIngredientsCorrectly" time="0.0" />

      <testcase classname="edu.issi.machine.product.ProductTest" name="shouldNotAddNewElementAtUnreachableIngredientsListIndex" time="0.0" />

      <system-out><![CDATA[]]></system-out>

      <system-err><![CDATA[]]></system-err>

  </testsuite>
  <testsuite errors="0" failures="0" hostname="J11" id="9" name="UnitTest" package="edu.issi.machine.product.ingredient" skipped="0" tests="6" time="0.003" timestamp="2015-01-13T10:58:08">
      <properties>
[...]
</properties>

      <testcase classname="edu.issi.machine.product.ingredient.UnitTest" name="shouldProvideGramUnitAsText" time="0.0" />

      <testcase classname="edu.issi.machine.product.ingredient.UnitTest" name="shouldProvideLitreUnitAsText" time="0.0" />

      <testcase classname="edu.issi.machine.product.ingredient.UnitTest" name="shouldProvideBarUnitAsText" time="0.0" />

      <testcase classname="edu.issi.machine.product.ingredient.UnitTest" name="shouldProvideMililitreUnitAsText" time="0.0" />

      <testcase classname="edu.issi.machine.product.ingredient.UnitTest" name="shouldProvideKilogramUnitAsText" time="0.0" />

      <testcase classname="edu.issi.machine.product.ingredient.UnitTest" name="shouldProvideCelsjusUnitAsText" time="0.0" />

      <system-out><![CDATA[]]></system-out>

      <system-err><![CDATA[]]></system-err>

  </testsuite>
  <testsuite errors="0" failures="0" hostname="J11" id="10" name="SubassemblyTest" package="edu.issi.machine.subassembly" skipped="0" tests="9" time="0.004" timestamp="2015-01-13T10:58:08">
      <properties>
[...]
</properties>

      <testcase classname="edu.issi.machine.subassembly.SubassemblyTest" name="shouldBeEnabledToAddOneHandler" time="0.0" />

      <testcase classname="edu.issi.machine.subassembly.SubassemblyTest" name="shouldCreatesWithNotEmptyOperations" time="0.0" />

      <testcase classname="edu.issi.machine.subassembly.SubassemblyTest" name="shouldNotCreatesWhenOperationsAreNotSetted" time="0.001" />

      <testcase classname="edu.issi.machine.subassembly.SubassemblyTest" name="shouldNotCreatesWhenOperationsListIsEmpty" time="0.0" />

      <testcase classname="edu.issi.machine.subassembly.SubassemblyTest" name="shouldCorrectRecognizeSupportedOperation" time="0.0" />

      <testcase classname="edu.issi.machine.subassembly.SubassemblyTest" name="shouldCorrectRecognizeNotSupportedOperation" time="0.0" />

      <testcase classname="edu.issi.machine.subassembly.SubassemblyTest" name="shouldBeEnabledToAddManyHandlersExcludingEmptyHandlers" time="0.0" />

      <testcase classname="edu.issi.machine.subassembly.SubassemblyTest" name="shouldCreates" time="0.0" />

      <testcase classname="edu.issi.machine.subassembly.SubassemblyTest" name="shouldBeEnabledToAddManyHandlers" time="0.001" />

      <system-out><![CDATA[]]></system-out>

      <system-err><![CDATA[]]></system-err>

  </testsuite>
</testsuites>
