<?xml version="1.0" encoding="UTF-8" ?>
<testsuites>
  <testsuite errors="0" failures="0" hostname="MSI-GT663R-WIN7" id="0" name="ValidatorTest" package="edu.issi.machine" skipped="0" tests="10" time="0.078" timestamp="2015-02-21T13:04:26">
      <properties>
[...]
</properties>

      <testcase classname="edu.issi.machine.ValidatorTest" name="shouldThrowsExceptionWhenIterableHasNoElements" time="0.015" />

      <testcase classname="edu.issi.machine.ValidatorTest" name="shouldRecognizeIterableWithAnyNotCreatedElement" time="0.0" />

      <testcase classname="edu.issi.machine.ValidatorTest" name="shouldThrowsExceptionWhenIterableContainsNotCreatedObjects" time="0.0" />

      <testcase classname="edu.issi.machine.ValidatorTest" name="shouldThrowsExceptionWhenObjectIsNotCreated" time="0.0" />

      <testcase classname="edu.issi.machine.ValidatorTest" name="shouldThrowsExceptionWhenTextIsEmpty" time="0.0" />

      <testcase classname="edu.issi.machine.ValidatorTest" name="shouldThrowsExceptionWhenTextIsNotCreated" time="0.0" />

      <testcase classname="edu.issi.machine.ValidatorTest" name="shouldThrowsExceptionWhenIterableIsNotCreated" time="0.0" />

      <testcase classname="edu.issi.machine.ValidatorTest" name="shouldRecognizeIterableWithAllCreatedElements" time="0.0" />

      <testcase classname="edu.issi.machine.ValidatorTest" name="shouldThrowsExceptionWhenThereIsNotSuchElementAtSpecifiedIndex" time="0.0" />

      <testcase classname="edu.issi.machine.ValidatorTest" name="shouldThrowsExceptionWhenSearchForElementFromIndexLessThanZero" time="0.0" />

      <system-out><![CDATA[]]></system-out>

      <system-err><![CDATA[]]></system-err>

  </testsuite>
  <testsuite errors="0" failures="0" hostname="MSI-GT663R-WIN7" id="1" name="MachineConfigurationTest" package="edu.issi.machine.configuration" skipped="0" tests="11" time="0.078" timestamp="2015-02-21T13:04:26">
      <properties>
[...]
</properties>

      <testcase classname="edu.issi.machine.configuration.MachineConfigurationTest" name="machineConfigurationShouldConsistsOfProductsWhichContainsOnlyAvailableIngredients" time="0.063" />

      <testcase classname="edu.issi.machine.configuration.MachineConfigurationTest" name="machineConfigurationShouldConsistsOfProductsWhichContainsAnyIngredients" time="0.0" />

      <testcase classname="edu.issi.machine.configuration.MachineConfigurationTest" name="subassembliesShouldBeSetted" time="0.0" />

      <testcase classname="edu.issi.machine.configuration.MachineConfigurationTest" name="productsShouldBeSetted" time="0.0" />

      <testcase classname="edu.issi.machine.configuration.MachineConfigurationTest" name="ingredientsShouldBeSetted" time="0.0" />

      <testcase classname="edu.issi.machine.configuration.MachineConfigurationTest" name="productsListShouldNotBeEmpty" time="0.0" />

      <testcase classname="edu.issi.machine.configuration.MachineConfigurationTest" name="shouldAddNewProduct" time="0.0" />

      <testcase classname="edu.issi.machine.configuration.MachineConfigurationTest" name="shouldNotAddEmptyProduct" time="0.0" />

      <testcase classname="edu.issi.machine.configuration.MachineConfigurationTest" name="subassembliesListShouldNotBeEmpty" time="0.0" />

      <testcase classname="edu.issi.machine.configuration.MachineConfigurationTest" name="shouldProvidesIteratorForProducts" time="0.0" />

      <testcase classname="edu.issi.machine.configuration.MachineConfigurationTest" name="shouldNotAddProductWhichHasUnavailableIngredients" time="0.0" />

      <system-out><![CDATA[]]></system-out>

      <system-err><![CDATA[]]></system-err>

  </testsuite>
  <testsuite errors="0" failures="0" hostname="MSI-GT663R-WIN7" id="2" name="OrderConfiguratorTest" package="edu.issi.machine.configuration" skipped="0" tests="2" time="0.016" timestamp="2015-02-21T13:04:26">
      <properties>
[...]
</properties>

      <testcase classname="edu.issi.machine.configuration.OrderConfiguratorTest" name="configuratorShouldBeAbleToAddNewIngredientsToProduct" time="0.0" />

      <testcase classname="edu.issi.machine.configuration.OrderConfiguratorTest" name="configuratorShouldBeAbleToRemoveIngredientsFromProduct" time="0.0" />

      <system-out><![CDATA[]]></system-out>

      <system-err><![CDATA[]]></system-err>

  </testsuite>
  <testsuite errors="0" failures="0" hostname="MSI-GT663R-WIN7" id="3" name="OrderTest" package="edu.issi.machine.configuration" skipped="0" tests="6" time="0.031" timestamp="2015-02-21T13:04:26">
      <properties>
[...]
</properties>

      <testcase classname="edu.issi.machine.configuration.OrderTest" name="whenCreatesWithSpecifiedProductShouldProvideTheSameOperationStatusAfterExecution" time="0.016" />

      <testcase classname="edu.issi.machine.configuration.OrderTest" name="whenCreatesWithSpecifiedProductShouldCreateCloneWithTheSameName" time="0.0" />

      <testcase classname="edu.issi.machine.configuration.OrderTest" name="whenCreatesWithSpecifiedProductShouldCreateCloneWithNotTheSameIdentityNumber" time="0.0" />

      <testcase classname="edu.issi.machine.configuration.OrderTest" name="shouldNotCreatesWithoutProduct" time="0.0" />

      <testcase classname="edu.issi.machine.configuration.OrderTest" name="shouldNotCreatesWithoutProductName" time="0.0" />

      <testcase classname="edu.issi.machine.configuration.OrderTest" name="shouldCreatesNewProductFromGivenName" time="0.0" />

      <system-out><![CDATA[]]></system-out>

      <system-err><![CDATA[]]></system-err>

  </testsuite>
  <testsuite errors="0" failures="0" hostname="MSI-GT663R-WIN7" id="4" name="MachineControllerTest" package="edu.issi.machine.controller" skipped="0" tests="4" time="0.0" timestamp="2015-02-21T13:04:26">
      <properties>
[...]
</properties>

      <testcase classname="edu.issi.machine.controller.MachineControllerTest" name="configurationShouldBeProvided" time="0.0" />

      <testcase classname="edu.issi.machine.controller.MachineControllerTest" name="machineShouldRestarts" time="0.0" />

      <testcase classname="edu.issi.machine.controller.MachineControllerTest" name="shouldStops" time="0.0" />

      <testcase classname="edu.issi.machine.controller.MachineControllerTest" name="machineShouldRestartsEvenWhenAlreadyIsNotWorking" time="0.0" />

      <system-out><![CDATA[]]></system-out>

      <system-err><![CDATA[]]></system-err>

  </testsuite>
  <testsuite errors="0" failures="0" hostname="MSI-GT663R-WIN7" id="5" name="IdentityTest" package="edu.issi.machine.id" skipped="0" tests="5" time="0.016" timestamp="2015-02-21T13:04:26">
      <properties>
[...]
</properties>

      <testcase classname="edu.issi.machine.id.IdentityTest" name="shouldBeEqualOnlyToSelf" time="0.0" />

      <testcase classname="edu.issi.machine.id.IdentityTest" name="identityShouldBeEnableToChangeName" time="0.0" />

      <testcase classname="edu.issi.machine.id.IdentityTest" name="identityNotShouldBeEnableToChangeToEmptyName" time="0.0" />

      <testcase classname="edu.issi.machine.id.IdentityTest" name="identityShouldBeKnownByIdNumber" time="0.016" />

      <testcase classname="edu.issi.machine.id.IdentityTest" name="identityShouldNotBeKnownByUnknownIdNumber" time="0.0" />

      <system-out><![CDATA[]]></system-out>

      <system-err><![CDATA[]]></system-err>

  </testsuite>
  <testsuite errors="0" failures="0" hostname="MSI-GT663R-WIN7" id="6" name="ObjectWithIdentityTest" package="edu.issi.machine.id" skipped="0" tests="5" time="0.015" timestamp="2015-02-21T13:04:26">
      <properties>
[...]
</properties>

      <testcase classname="edu.issi.machine.id.ObjectWithIdentityTest" name="shouldBeEqualOnlyToSelf" time="0.0" />

      <testcase classname="edu.issi.machine.id.ObjectWithIdentityTest" name="shouldProvideName" time="0.0" />

      <testcase classname="edu.issi.machine.id.ObjectWithIdentityTest" name="shouldIdNumber" time="0.0" />

      <testcase classname="edu.issi.machine.id.ObjectWithIdentityTest" name="shouldNotCreatesWhenIdentityIsEmpty" time="0.0" />

      <testcase classname="edu.issi.machine.id.ObjectWithIdentityTest" name="shouldIdentifiesBySpecifiedIdNumber" time="0.0" />

      <system-out><![CDATA[]]></system-out>

      <system-err><![CDATA[]]></system-err>

  </testsuite>
  <testsuite errors="0" failures="0" hostname="MSI-GT663R-WIN7" id="7" name="ControllerTest" package="edu.issi.machine.mvc.controller" skipped="0" tests="12" time="0.047" timestamp="2015-02-21T13:04:26">
      <properties>
[...]
</properties>

      <testcase classname="edu.issi.machine.mvc.controller.ControllerTest" name="controllerShouldShowIngredientsOfSpecifiedProductOnAllViewsWhenActionIsPerformed" time="0.031" />

      <testcase classname="edu.issi.machine.mvc.controller.ControllerTest" name="controllerShouldShowPropertiesForSpecifiedIngredientOnAllViewsWhenActionIsPerformed" time="0.0" />

      <testcase classname="edu.issi.machine.mvc.controller.ControllerTest" name="controllerShouldShowAllIngredientsOnAllViewsWhenActionIsPerformed" time="0.0" />

      <testcase classname="edu.issi.machine.mvc.controller.ControllerTest" name="controllerShouldShowErrorOnAllViewsWhenIngredientForPropertiesIsNotSelected" time="0.0" />

      <testcase classname="edu.issi.machine.mvc.controller.ControllerTest" name="controllerShouldShowOperationsStatusOnAllViewsAfterOrderWasMade" time="0.0" />

      <testcase classname="edu.issi.machine.mvc.controller.ControllerTest" name="shouldNotCreatesWithoutModel" time="0.0" />

      <testcase classname="edu.issi.machine.mvc.controller.ControllerTest" name="controllerShouldAddView" time="0.0" />

      <testcase classname="edu.issi.machine.mvc.controller.ControllerTest" name="controllerShouldStartsMachine" time="0.0" />

      <testcase classname="edu.issi.machine.mvc.controller.ControllerTest" name="controllerShouldStopsMachine" time="0.0" />

      <testcase classname="edu.issi.machine.mvc.controller.ControllerTest" name="controllerShouldMakeOrderOnlyOnSelectedView" time="0.0" />

      <testcase classname="edu.issi.machine.mvc.controller.ControllerTest" name="controllerShouldNotAddAndInitializeNotCreatedView" time="0.0" />

      <testcase classname="edu.issi.machine.mvc.controller.ControllerTest" name="controllerShouldShowProductsOnAllViewsWhenActionIsPerformed" time="0.0" />

      <system-out><![CDATA[]]></system-out>

      <system-err><![CDATA[]]></system-err>

  </testsuite>
  <testsuite errors="0" failures="0" hostname="MSI-GT663R-WIN7" id="8" name="EventArgumentsTest" package="edu.issi.machine.mvc.controller" skipped="0" tests="7" time="0.015" timestamp="2015-02-21T13:04:26">
      <properties>
[...]
</properties>

      <testcase classname="edu.issi.machine.mvc.controller.EventArgumentsTest" name="eventArgumentsShouldRecognizeCaller" time="0.0" />

      <testcase classname="edu.issi.machine.mvc.controller.EventArgumentsTest" name="eventArgumentsShouldNotCreatesWithoutSpecifiedCaller" time="0.0" />

      <testcase classname="edu.issi.machine.mvc.controller.EventArgumentsTest" name="eventArgumentsShouldNotCreatesWithoutSelectedElementName" time="0.0" />

      <testcase classname="edu.issi.machine.mvc.controller.EventArgumentsTest" name="eventArgumentsShouldNotCreatesWithEmptySelectedElementName" time="0.0" />

      <testcase classname="edu.issi.machine.mvc.controller.EventArgumentsTest" name="eventArgumentsShouldProvideSelectedElementNameWhenItsGiven" time="0.0" />

      <testcase classname="edu.issi.machine.mvc.controller.EventArgumentsTest" name="eventArgumentsShouldIndicateWhenSelectedElementNameIsGiven" time="0.0" />

      <testcase classname="edu.issi.machine.mvc.controller.EventArgumentsTest" name="eventArgumentsShouldIndicateWhenSelectedElementNameIsNotGiven" time="0.0" />

      <system-out><![CDATA[]]></system-out>

      <system-err><![CDATA[]]></system-err>

  </testsuite>
  <testsuite errors="0" failures="0" hostname="MSI-GT663R-WIN7" id="9" name="ModelTest" package="edu.issi.machine.mvc.model" skipped="0" tests="13" time="0.016" timestamp="2015-02-21T13:04:26">
      <properties>
[...]
</properties>

      <testcase classname="edu.issi.machine.mvc.model.ModelTest" name="modelShouldProvidesIngredientsNamesForSpecifiedProductWhichExistsInMachineConfiguration" time="0.0" />

      <testcase classname="edu.issi.machine.mvc.model.ModelTest" name="modelShouldNotBeAbleToAddNotCreatedProcutToMachineConfiguration" time="0.0" />

      <testcase classname="edu.issi.machine.mvc.model.ModelTest" name="shouldNotCreatesWithoutMachineConfiguration" time="0.0" />

      <testcase classname="edu.issi.machine.mvc.model.ModelTest" name="modelShouldBeAbleToStartMachine" time="0.0" />

      <testcase classname="edu.issi.machine.mvc.model.ModelTest" name="modelShouldBeAbleToStopMachine" time="0.0" />

      <testcase classname="edu.issi.machine.mvc.model.ModelTest" name="modelShouldProvidesProductsNames" time="0.0" />

      <testcase classname="edu.issi.machine.mvc.model.ModelTest" name="modelShouldProvidesIngredientsNames" time="0.0" />

      <testcase classname="edu.issi.machine.mvc.model.ModelTest" name="ordedShouldNotBeCompletedForUnknownProduct" time="0.0" />

      <testcase classname="edu.issi.machine.mvc.model.ModelTest" name="orderShouldBeComplitedValidlyForKnownProduct" time="0.0" />

      <testcase classname="edu.issi.machine.mvc.model.ModelTest" name="modelShouldBeAbleToAddNewProductToMachineConfiguration" time="0.0" />

      <testcase classname="edu.issi.machine.mvc.model.ModelTest" name="modelShouldNotProvidesIngredientsNamesForUnknownProduct" time="0.0" />

      <testcase classname="edu.issi.machine.mvc.model.ModelTest" name="modelShouldProvidesPropertiesForKnownIngredient" time="0.0" />

      <testcase classname="edu.issi.machine.mvc.model.ModelTest" name="modelShouldNotProvidesPropertiesForUnknownIngredient" time="0.0" />

      <system-out><![CDATA[]]></system-out>

      <system-err><![CDATA[]]></system-err>

  </testsuite>
  <testsuite errors="0" failures="0" hostname="MSI-GT663R-WIN7" id="10" name="OperationStatusTest" package="edu.issi.machine.operation" skipped="0" tests="24" time="0.031" timestamp="2015-02-21T13:04:26">
      <properties>
[...]
</properties>

      <testcase classname="edu.issi.machine.operation.OperationStatusTest" name="operationStatusesWithTheSameDescriptionsAndAnotherStatusShouldNotBeKnownAsEqual" time="0.0" />

      <testcase classname="edu.issi.machine.operation.OperationStatusTest" name="shouldProvideCompensatedDescriptionFromManyOperationStatusesWhenAnyErrorsAndWarningsOccurs" time="0.0" />

      <testcase classname="edu.issi.machine.operation.OperationStatusTest" name="compesatedStatusShouldBeProvidedEvenWhenDescriptionIsNotSetted" time="0.0" />

      <testcase classname="edu.issi.machine.operation.OperationStatusTest" name="operationStatusesWithAnotherDescriptionsShouldNotBeKnownAsEqual" time="0.0" />

      <testcase classname="edu.issi.machine.operation.OperationStatusTest" name="shouldNotProvideOperationStatusFromNotCreatedOperationStatuses" time="0.0" />

      <testcase classname="edu.issi.machine.operation.OperationStatusTest" name="shouldProvideCompensatedDescriptionFromManyValidOperationStatuses" time="0.0" />

      <testcase classname="edu.issi.machine.operation.OperationStatusTest" name="shouldProvideWarningOperationStatusFromManyObjectsWithAnyWarning" time="0.0" />

      <testcase classname="edu.issi.machine.operation.OperationStatusTest" name="shouldProvideCompensatedDescriptionFromManyOperationStatusesWithAnyWarning" time="0.0" />

      <testcase classname="edu.issi.machine.operation.OperationStatusTest" name="shouldProvideErrorneousOperationStatusFromManyObjectsWithAnyError" time="0.0" />

      <testcase classname="edu.issi.machine.operation.OperationStatusTest" name="shouldProvideCompensatedDescriptionFromManyOperationStatusesWithAnyError" time="0.0" />

      <testcase classname="edu.issi.machine.operation.OperationStatusTest" name="shouldNotCreatesWhenStatusIsNotProvided" time="0.0" />

      <testcase classname="edu.issi.machine.operation.OperationStatusTest" name="shouldProvideDescriptionWhenItIsSetted" time="0.0" />

      <testcase classname="edu.issi.machine.operation.OperationStatusTest" name="shouldProvidesStatusWithDescriptionAsText" time="0.0" />

      <testcase classname="edu.issi.machine.operation.OperationStatusTest" name="equalErroneousOperationStatusShouldBeKnown" time="0.0" />

      <testcase classname="edu.issi.machine.operation.OperationStatusTest" name="notEqualOperationStatusShouldNotBeKnown" time="0.0" />

      <testcase classname="edu.issi.machine.operation.OperationStatusTest" name="anotherTypeOfObjectShouldNotBeEqual" time="0.0" />

      <testcase classname="edu.issi.machine.operation.OperationStatusTest" name="operationStatusShouldBeEqualToSelf" time="0.0" />

      <testcase classname="edu.issi.machine.operation.OperationStatusTest" name="operationStatusShouldProvideHashCode" time="0.0" />

      <testcase classname="edu.issi.machine.operation.OperationStatusTest" name="equalValidOperationStatusWithoutDescriptionShouldBeKnown" time="0.0" />

      <testcase classname="edu.issi.machine.operation.OperationStatusTest" name="shouldNotProvideOperationStatusFromEmptyOperationStatuses" time="0.0" />

      <testcase classname="edu.issi.machine.operation.OperationStatusTest" name="shouldProvideOneValidOperationStatusFromManyObjectsOfThisKind" time="0.0" />

      <testcase classname="edu.issi.machine.operation.OperationStatusTest" name="shouldCreateAggregatedErrorneusStatusesForManyDescriptions" time="0.0" />

      <testcase classname="edu.issi.machine.operation.OperationStatusTest" name="shouldProvideStatus" time="0.0" />

      <testcase classname="edu.issi.machine.operation.OperationStatusTest" name="emptyObjectShouldNotBeKnown" time="0.0" />

      <system-out><![CDATA[]]></system-out>

      <system-err><![CDATA[]]></system-err>

  </testsuite>
  <testsuite errors="0" failures="0" hostname="MSI-GT663R-WIN7" id="11" name="OperationTest" package="edu.issi.machine.operation" skipped="0" tests="8" time="0.016" timestamp="2015-02-21T13:04:26">
      <properties>
[...]
</properties>

      <testcase classname="edu.issi.machine.operation.OperationTest" name="shouldGiveErrorResponseWhenSettedSubassemblyCanNotDoSpecifiedOperation" time="0.0" />

      <testcase classname="edu.issi.machine.operation.OperationTest" name="shouldGiveResponseAfterExecution" time="0.0" />

      <testcase classname="edu.issi.machine.operation.OperationTest" name="operationShouldGivesInformationAboutHisStatus" time="0.0" />

      <testcase classname="edu.issi.machine.operation.OperationTest" name="shouldGiveErrorResponseWhenOnlySubassemblySetted" time="0.0" />

      <testcase classname="edu.issi.machine.operation.OperationTest" name="shouldGiveErrorResponseWhenOnlyIngredientSetted" time="0.0" />

      <testcase classname="edu.issi.machine.operation.OperationTest" name="shouldExecuteValidlyWhenIngredientAndSubassemblySetted" time="0.0" />

      <testcase classname="edu.issi.machine.operation.OperationTest" name="shouldSetSubassemblyOnlyWhenItCanDoSpecifiedOperation" time="0.0" />

      <testcase classname="edu.issi.machine.operation.OperationTest" name="shouldGiveErrorWhenSpecifiedSubassemblyCannotDoThisOperation" time="0.0" />

      <system-out><![CDATA[]]></system-out>

      <system-err><![CDATA[]]></system-err>

  </testsuite>
  <testsuite errors="0" failures="0" hostname="MSI-GT663R-WIN7" id="12" name="StatusTest" package="edu.issi.machine.operation" skipped="0" tests="3" time="0.016" timestamp="2015-02-21T13:04:26">
      <properties>
[...]
</properties>

      <testcase classname="edu.issi.machine.operation.StatusTest" name="erroneousStatusShouldRequiresAttention" time="0.0" />

      <testcase classname="edu.issi.machine.operation.StatusTest" name="warningStatusShouldRequiresAttention" time="0.0" />

      <testcase classname="edu.issi.machine.operation.StatusTest" name="validStatusShouldNotRequiresAttention" time="0.0" />

      <system-out><![CDATA[]]></system-out>

      <system-err><![CDATA[]]></system-err>

  </testsuite>
  <testsuite errors="0" failures="0" hostname="MSI-GT663R-WIN7" id="13" name="OrderedElementsContainerTest" package="edu.issi.machine.product" skipped="0" tests="8" time="0.0" timestamp="2015-02-21T13:04:26">
      <properties>
[...]
</properties>

      <testcase classname="edu.issi.machine.product.OrderedElementsContainerTest" name="shouldBeAbleToAddObjectAtExistingIndexWithoutLossOfOtherObjects" time="0.0" />

      <testcase classname="edu.issi.machine.product.OrderedElementsContainerTest" name="shouldAgregateOrderedObjectsIndexedFromZero" time="0.0" />

      <testcase classname="edu.issi.machine.product.OrderedElementsContainerTest" name="shouldBeAbleToAddObjectAtBeginningOfList" time="0.0" />

      <testcase classname="edu.issi.machine.product.OrderedElementsContainerTest" name="shouldBeAbleToRemoveAnyExistingObject" time="0.0" />

      <testcase classname="edu.issi.machine.product.OrderedElementsContainerTest" name="shouldProvideSeparatedIterators" time="0.0" />

      <testcase classname="edu.issi.machine.product.OrderedElementsContainerTest" name="shouldProvideIteratorForOrderedObjects" time="0.0" />

      <testcase classname="edu.issi.machine.product.OrderedElementsContainerTest" name="shouldProvideInformationAboutNumberOfAggegatedObjects" time="0.0" />

      <testcase classname="edu.issi.machine.product.OrderedElementsContainerTest" name="shouldNotBeAbleToRemoveObjectAtNonexistentIndex" time="0.0" />

      <system-out><![CDATA[]]></system-out>

      <system-err><![CDATA[]]></system-err>

  </testsuite>
  <testsuite errors="0" failures="0" hostname="MSI-GT663R-WIN7" id="14" name="ProductTest" package="edu.issi.machine.product" skipped="0" tests="11" time="0.015" timestamp="2015-02-21T13:04:26">
      <properties>
[...]
</properties>

      <testcase classname="edu.issi.machine.product.ProductTest" name="shouldNotAddNewElementAtSecondPlaceWhenTheresNoElementsOnIngredienstList" time="0.0" />

      <testcase classname="edu.issi.machine.product.ProductTest" name="shouldAddNewIngredientsCorrectly" time="0.0" />

      <testcase classname="edu.issi.machine.product.ProductTest" name="shouldProvidesIngredientFromSpecifiedIndex" time="0.0" />

      <testcase classname="edu.issi.machine.product.ProductTest" name="shouldProvidesIngredientFromInvalidIndex" time="0.0" />

      <testcase classname="edu.issi.machine.product.ProductTest" name="shouldPutNewIngredientAtSpecifiedIndex" time="0.0" />

      <testcase classname="edu.issi.machine.product.ProductTest" name="shouldRemovesIngredientFromSpecifiedIndex" time="0.0" />

      <testcase classname="edu.issi.machine.product.ProductTest" name="shouldNotRemovesIngredientFromInvalidIndex" time="0.0" />

      <testcase classname="edu.issi.machine.product.ProductTest" name="shouldProvidesIteratorForIngredients" time="0.0" />

      <testcase classname="edu.issi.machine.product.ProductTest" name="shouldNotAddNewElementAtUnreachableIngredientsListIndex" time="0.0" />

      <testcase classname="edu.issi.machine.product.ProductTest" name="productsWithTheSameIngredientsShouldNotBeEquals" time="0.0" />

      <testcase classname="edu.issi.machine.product.ProductTest" name="shouldCreateEmptyProduct" time="0.0" />

      <system-out><![CDATA[]]></system-out>

      <system-err><![CDATA[]]></system-err>

  </testsuite>
  <testsuite errors="0" failures="0" hostname="MSI-GT663R-WIN7" id="15" name="IngredientTest" package="edu.issi.machine.product.ingredient" skipped="0" tests="9" time="0.016" timestamp="2015-02-21T13:04:26">
      <properties>
[...]
</properties>

      <testcase classname="edu.issi.machine.product.ingredient.IngredientTest" name="ingredientShouldProvidesOperationStatesAfterAllOperationsExecuting" time="0.0" />

      <testcase classname="edu.issi.machine.product.ingredient.IngredientTest" name="ingredientShouldNotProvidesOperationStatesWhenThereIsntAnyOperationsToExecute" time="0.0" />

      <testcase classname="edu.issi.machine.product.ingredient.IngredientTest" name="ingredientShouldHoldsProperties" time="0.0" />

      <testcase classname="edu.issi.machine.product.ingredient.IngredientTest" name="ingredientShouldProvidesSpecifiedProperty" time="0.0" />

      <testcase classname="edu.issi.machine.product.ingredient.IngredientTest" name="ingredientShouldNotProvidesUnknownProperty" time="0.016" />

      <testcase classname="edu.issi.machine.product.ingredient.IngredientTest" name="ingredientShouldNotProvidesEmptyProperty" time="0.0" />

      <testcase classname="edu.issi.machine.product.ingredient.IngredientTest" name="ingredientShouldRemovesSpecifiedProperty" time="0.0" />

      <testcase classname="edu.issi.machine.product.ingredient.IngredientTest" name="ingredientShouldNotRemovesUnknownProperty" time="0.0" />

      <testcase classname="edu.issi.machine.product.ingredient.IngredientTest" name="ingredientShouldNotRemovesEmptyProperty" time="0.0" />

      <system-out><![CDATA[]]></system-out>

      <system-err><![CDATA[]]></system-err>

  </testsuite>
  <testsuite errors="0" failures="0" hostname="MSI-GT663R-WIN7" id="16" name="UnitsTest" package="edu.issi.machine.product.ingredient" skipped="0" tests="6" time="0.0" timestamp="2015-02-21T13:04:26">
      <properties>
[...]
</properties>

      <testcase classname="edu.issi.machine.product.ingredient.UnitsTest" name="shouldProvideCelsjusUnitAsText" time="0.0" />

      <testcase classname="edu.issi.machine.product.ingredient.UnitsTest" name="shouldProvideKilogramUnitAsText" time="0.0" />

      <testcase classname="edu.issi.machine.product.ingredient.UnitsTest" name="shouldProvideMililitreUnitAsText" time="0.0" />

      <testcase classname="edu.issi.machine.product.ingredient.UnitsTest" name="shouldProvideBarUnitAsText" time="0.0" />

      <testcase classname="edu.issi.machine.product.ingredient.UnitsTest" name="shouldProvideGramUnitAsText" time="0.0" />

      <testcase classname="edu.issi.machine.product.ingredient.UnitsTest" name="shouldProvideLitreUnitAsText" time="0.0" />

      <system-out><![CDATA[]]></system-out>

      <system-err><![CDATA[]]></system-err>

  </testsuite>
  <testsuite errors="0" failures="0" hostname="MSI-GT663R-WIN7" id="17" name="SubassemblyTest" package="edu.issi.machine.subassembly" skipped="0" tests="5" time="0.0" timestamp="2015-02-21T13:04:26">
      <properties>
[...]
</properties>

      <testcase classname="edu.issi.machine.subassembly.SubassemblyTest" name="shouldNotCreatesWhenOperationsAreNotSetted" time="0.0" />

      <testcase classname="edu.issi.machine.subassembly.SubassemblyTest" name="shouldNotCreatesWhenOperationsListIsEmpty" time="0.0" />

      <testcase classname="edu.issi.machine.subassembly.SubassemblyTest" name="shouldCorrectRecognizeSupportedOperation" time="0.0" />

      <testcase classname="edu.issi.machine.subassembly.SubassemblyTest" name="shouldCorrectRecognizeNotSupportedOperation" time="0.0" />

      <testcase classname="edu.issi.machine.subassembly.SubassemblyTest" name="shouldCreates" time="0.0" />

      <system-out><![CDATA[]]></system-out>

      <system-err><![CDATA[]]></system-err>

  </testsuite>
</testsuites>
