<?xml version="1.0" encoding="UTF-8" ?>
<testsuite errors="0" failures="0" hostname="J11" name="edu.issi.machine.operation.OperationTest" skipped="0" tests="6" time="0.003" timestamp="2015-01-13T10:58:07">
  <properties>
[...]
</properties>
  <testcase classname="edu.issi.machine.operation.OperationTest" name="shouldGiveErrorResponseWhenSettedSubassemblyCanNotDoSpecifiedOperation" time="0.0" />
  <testcase classname="edu.issi.machine.operation.OperationTest" name="shouldGiveErrorResponseWhenOnlySubassemblySetted" time="0.0" />
  <testcase classname="edu.issi.machine.operation.OperationTest" name="shouldGiveErrorResponseWhenOnlyIngredientSetted" time="0.001" />
  <testcase classname="edu.issi.machine.operation.OperationTest" name="shouldGiveResponseAfterExecution" time="0.0" />
  <testcase classname="edu.issi.machine.operation.OperationTest" name="shouldExecuteValidlyWhenIngredientAndSubassemblySetted" time="0.0" />
  <testcase classname="edu.issi.machine.operation.OperationTest" name="shouldSetSubassemblyOnlyWhenItCanDoSpecifiedOperation" time="0.0" />
  <system-out><![CDATA[]]></system-out>
  <system-err><![CDATA[]]></system-err>
</testsuite>
