<?xml version="1.0" encoding="UTF-8" ?>
<testsuite errors="0" failures="0" hostname="ADMINIB-USGJO43" name="edu.issi.machine.product.ingredient.IngredientTest" skipped="0" tests="9" time="0.006" timestamp="2015-01-26T09:18:12">
  <properties>
[...]
</properties>
  <testcase classname="edu.issi.machine.product.ingredient.IngredientTest" name="ingredientShouldProvidesSpecifiedProperty" time="0.0" />
  <testcase classname="edu.issi.machine.product.ingredient.IngredientTest" name="ingredientShouldNotProvidesUnknownProperty" time="0.0" />
  <testcase classname="edu.issi.machine.product.ingredient.IngredientTest" name="ingredientShouldNotProvidesEmptyProperty" time="0.0" />
  <testcase classname="edu.issi.machine.product.ingredient.IngredientTest" name="ingredientShouldRemovesSpecifiedProperty" time="0.0" />
  <testcase classname="edu.issi.machine.product.ingredient.IngredientTest" name="ingredientShouldNotRemovesUnknownProperty" time="0.001" />
  <testcase classname="edu.issi.machine.product.ingredient.IngredientTest" name="ingredientShouldNotRemovesEmptyProperty" time="0.0" />
  <testcase classname="edu.issi.machine.product.ingredient.IngredientTest" name="ingredientShouldHoldsProperties" time="0.0" />
  <testcase classname="edu.issi.machine.product.ingredient.IngredientTest" name="ingredientShouldProvidesOperationStatesAfterAllOperationsExecuting" time="0.0" />
  <testcase classname="edu.issi.machine.product.ingredient.IngredientTest" name="ingredientShouldNotProvidesOperationStatesWhenThereIsntAnyOperationsToExecute" time="0.0" />
  <system-out><![CDATA[]]></system-out>
  <system-err><![CDATA[]]></system-err>
</testsuite>
