<?xml version="1.0" encoding="UTF-8" ?>
<testsuite errors="0" failures="0" hostname="MSI-GT663R-WIN7" name="edu.issi.machine.configuration.MachineConfigurationTest" skipped="0" tests="2" time="0.094" timestamp="2014-12-15T18:56:11">
  <properties>
[...]
</properties>
  <testcase classname="edu.issi.machine.configuration.MachineConfigurationTest" name="shouldNotCreatesWhenSubassembliesAreNotSetted" time="0.016" />
  <testcase classname="edu.issi.machine.configuration.MachineConfigurationTest" name="shouldNotCreatesWhenProductsAreNotSetted" time="0.016" />
  <system-out><![CDATA[]]></system-out>
  <system-err><![CDATA[]]></system-err>
</testsuite>
